2019-07-09 15:07:13,743 ERROR: Exception on /edit_profile [POST] [in c:\pyprogects\microblog\venv\lib\site-packages\flask\app.py:1780]
Traceback (most recent call last):
  File "c:\pyprogects\microblog\venv\lib\site-packages\flask\app.py", line 2311, in wsgi_app
    response = self.full_dispatch_request()
  File "c:\pyprogects\microblog\venv\lib\site-packages\flask\app.py", line 1834, in full_dispatch_request
    rv = self.handle_user_exception(e)
  File "c:\pyprogects\microblog\venv\lib\site-packages\flask\app.py", line 1737, in handle_user_exception
    reraise(exc_type, exc_value, tb)
  File "c:\pyprogects\microblog\venv\lib\site-packages\flask\_compat.py", line 36, in reraise
    raise value
  File "c:\pyprogects\microblog\venv\lib\site-packages\flask\app.py", line 1832, in full_dispatch_request
    rv = self.dispatch_request()
  File "c:\pyprogects\microblog\venv\lib\site-packages\flask\app.py", line 1818, in dispatch_request
    return self.view_functions[rule.endpoint](**req.view_args)
  File "c:\pyprogects\microblog\venv\lib\site-packages\flask_login\utils.py", line 261, in decorated_view
    return func(*args, **kwargs)
  File "c:\pyprogects\microblog\venv\app\main\routes.py", line 89, in edit_profile
    return redirect(url_for('edit_profile'))
  File "c:\pyprogects\microblog\venv\lib\site-packages\flask\helpers.py", line 356, in url_for
    return appctx.app.handle_url_build_error(error, endpoint, values)
  File "c:\pyprogects\microblog\venv\lib\site-packages\flask\app.py", line 2080, in handle_url_build_error
    reraise(exc_type, exc_value, tb)
  File "c:\pyprogects\microblog\venv\lib\site-packages\flask\_compat.py", line 36, in reraise
    raise value
  File "c:\pyprogects\microblog\venv\lib\site-packages\flask\helpers.py", line 345, in url_for
    force_external=external)
  File "c:\pyprogects\microblog\venv\lib\site-packages\werkzeug\routing.py", line 2007, in build
    raise BuildError(endpoint, values, method, self)
werkzeug.routing.BuildError: Could not build url for endpoint 'edit_profile'. Did you mean 'main.edit_profile' instead?
2019-07-09 15:07:59,944 INFO: Microblog startup [in c:\pyprogects\microblog\venv\app\__init__.py:75]
2019-07-09 15:16:21,745 INFO: Microblog startup [in c:\pyprogects\microblog\venv\app\__init__.py:75]
2019-07-09 15:16:48,188 ERROR: Exception on /search [GET] [in c:\pyprogects\microblog\venv\lib\site-packages\flask\app.py:1780]
Traceback (most recent call last):
  File "c:\pyprogects\microblog\venv\lib\site-packages\flask\app.py", line 2311, in wsgi_app
    response = self.full_dispatch_request()
  File "c:\pyprogects\microblog\venv\lib\site-packages\flask\app.py", line 1834, in full_dispatch_request
    rv = self.handle_user_exception(e)
  File "c:\pyprogects\microblog\venv\lib\site-packages\flask\app.py", line 1737, in handle_user_exception
    reraise(exc_type, exc_value, tb)
  File "c:\pyprogects\microblog\venv\lib\site-packages\flask\_compat.py", line 36, in reraise
    raise value
  File "c:\pyprogects\microblog\venv\lib\site-packages\flask\app.py", line 1832, in full_dispatch_request
    rv = self.dispatch_request()
  File "c:\pyprogects\microblog\venv\lib\site-packages\flask\app.py", line 1818, in dispatch_request
    return self.view_functions[rule.endpoint](**req.view_args)
  File "c:\pyprogects\microblog\venv\lib\site-packages\flask_login\utils.py", line 261, in decorated_view
    return func(*args, **kwargs)
  File "c:\pyprogects\microblog\venv\app\main\routes.py", line 152, in search
    posts, total = Post.search(g.search_form.q.data, page, current_app.config['POSTS_PER_PAGE'])
TypeError: cannot unpack non-iterable NoneType object
2019-07-09 15:27:46,882 INFO: Microblog startup [in c:\pyprogects\microblog\venv\app\__init__.py:75]
2019-07-09 15:27:53,829 ERROR: Exception on /search [GET] [in c:\pyprogects\microblog\venv\lib\site-packages\flask\app.py:1780]
Traceback (most recent call last):
  File "c:\pyprogects\microblog\venv\lib\site-packages\sqlalchemy\sql\elements.py", line 705, in comparator
    comparator_factory = self.type.comparator_factory
AttributeError: 'NoneType' object has no attribute 'comparator_factory'

During handling of the above exception, another exception occurred:

Traceback (most recent call last):
  File "c:\pyprogects\microblog\venv\lib\site-packages\flask\app.py", line 2311, in wsgi_app
    response = self.full_dispatch_request()
  File "c:\pyprogects\microblog\venv\lib\site-packages\flask\app.py", line 1834, in full_dispatch_request
    rv = self.handle_user_exception(e)
  File "c:\pyprogects\microblog\venv\lib\site-packages\flask\app.py", line 1737, in handle_user_exception
    reraise(exc_type, exc_value, tb)
  File "c:\pyprogects\microblog\venv\lib\site-packages\flask\_compat.py", line 36, in reraise
    raise value
  File "c:\pyprogects\microblog\venv\lib\site-packages\flask\app.py", line 1832, in full_dispatch_request
    rv = self.dispatch_request()
  File "c:\pyprogects\microblog\venv\lib\site-packages\flask\app.py", line 1818, in dispatch_request
    return self.view_functions[rule.endpoint](**req.view_args)
  File "c:\pyprogects\microblog\venv\lib\site-packages\flask_login\utils.py", line 261, in decorated_view
    return func(*args, **kwargs)
  File "c:\pyprogects\microblog\venv\app\main\routes.py", line 152, in search
    posts, total = Post.search(g.search_form.q.data, page, current_app.config['POSTS_PER_PAGE'])
  File "c:\pyprogects\microblog\venv\app\models.py", line 22, in search
    return cls.query.filter(cls.id.in_(ids)).order_by(db.case(when, value=cls.id)), total
  File "<string>", line 2, in order_by
  File "c:\pyprogects\microblog\venv\lib\site-packages\sqlalchemy\orm\base.py", line 220, in generate
    fn(self, *args[1:], **kw)
  File "c:\pyprogects\microblog\venv\lib\site-packages\sqlalchemy\orm\query.py", line 1821, in order_by
    criterion = self._adapt_col_list(criterion)
  File "c:\pyprogects\microblog\venv\lib\site-packages\sqlalchemy\orm\query.py", line 315, in _adapt_col_list
    for o in cols
  File "c:\pyprogects\microblog\venv\lib\site-packages\sqlalchemy\orm\query.py", line 315, in <listcomp>
    for o in cols
  File "c:\pyprogects\microblog\venv\lib\site-packages\sqlalchemy\sql\elements.py", line 4437, in _literal_as_label_reference
    elif hasattr(element, "__clause_element__"):
  File "c:\pyprogects\microblog\venv\lib\site-packages\sqlalchemy\sql\elements.py", line 716, in __getattr__
    return getattr(self.comparator, key)
  File "c:\pyprogects\microblog\venv\lib\site-packages\sqlalchemy\util\langhelpers.py", line 855, in __get__
    obj.__dict__[self.__name__] = result = self.fget(obj)
  File "c:\pyprogects\microblog\venv\lib\site-packages\sqlalchemy\sql\elements.py", line 709, in comparator
    "is not a TypeEngine class or object" % self.type
TypeError: Object None associated with '.type' attribute is not a TypeEngine class or object
2019-07-09 15:54:25,249 INFO: Microblog startup [in c:\pyprogects\microblog\venv\app\__init__.py:75]
2019-07-09 15:54:46,637 ERROR: Exception on /search [GET] [in c:\pyprogects\microblog\venv\lib\site-packages\flask\app.py:1780]
Traceback (most recent call last):
  File "c:\pyprogects\microblog\venv\lib\site-packages\sqlalchemy\sql\elements.py", line 705, in comparator
    comparator_factory = self.type.comparator_factory
AttributeError: 'NoneType' object has no attribute 'comparator_factory'

During handling of the above exception, another exception occurred:

Traceback (most recent call last):
  File "c:\pyprogects\microblog\venv\lib\site-packages\flask\app.py", line 2311, in wsgi_app
    response = self.full_dispatch_request()
  File "c:\pyprogects\microblog\venv\lib\site-packages\flask\app.py", line 1834, in full_dispatch_request
    rv = self.handle_user_exception(e)
  File "c:\pyprogects\microblog\venv\lib\site-packages\flask\app.py", line 1737, in handle_user_exception
    reraise(exc_type, exc_value, tb)
  File "c:\pyprogects\microblog\venv\lib\site-packages\flask\_compat.py", line 36, in reraise
    raise value
  File "c:\pyprogects\microblog\venv\lib\site-packages\flask\app.py", line 1832, in full_dispatch_request
    rv = self.dispatch_request()
  File "c:\pyprogects\microblog\venv\lib\site-packages\flask\app.py", line 1818, in dispatch_request
    return self.view_functions[rule.endpoint](**req.view_args)
  File "c:\pyprogects\microblog\venv\lib\site-packages\flask_login\utils.py", line 261, in decorated_view
    return func(*args, **kwargs)
  File "c:\pyprogects\microblog\venv\app\main\routes.py", line 152, in search
    posts, total = Post.search(g.search_form.q.data, page, current_app.config['POSTS_PER_PAGE'])
  File "c:\pyprogects\microblog\venv\app\models.py", line 23, in search
    return cls.query.filter(cls.id.in_(ids)).order_by(db.case(when, value=cls.id)), total
  File "<string>", line 2, in order_by
  File "c:\pyprogects\microblog\venv\lib\site-packages\sqlalchemy\orm\base.py", line 220, in generate
    fn(self, *args[1:], **kw)
  File "c:\pyprogects\microblog\venv\lib\site-packages\sqlalchemy\orm\query.py", line 1821, in order_by
    criterion = self._adapt_col_list(criterion)
  File "c:\pyprogects\microblog\venv\lib\site-packages\sqlalchemy\orm\query.py", line 315, in _adapt_col_list
    for o in cols
  File "c:\pyprogects\microblog\venv\lib\site-packages\sqlalchemy\orm\query.py", line 315, in <listcomp>
    for o in cols
  File "c:\pyprogects\microblog\venv\lib\site-packages\sqlalchemy\sql\elements.py", line 4437, in _literal_as_label_reference
    elif hasattr(element, "__clause_element__"):
  File "c:\pyprogects\microblog\venv\lib\site-packages\sqlalchemy\sql\elements.py", line 716, in __getattr__
    return getattr(self.comparator, key)
  File "c:\pyprogects\microblog\venv\lib\site-packages\sqlalchemy\util\langhelpers.py", line 855, in __get__
    obj.__dict__[self.__name__] = result = self.fget(obj)
  File "c:\pyprogects\microblog\venv\lib\site-packages\sqlalchemy\sql\elements.py", line 709, in comparator
    "is not a TypeEngine class or object" % self.type
TypeError: Object None associated with '.type' attribute is not a TypeEngine class or object
